/home/user/.deno/bin/deno compile --allow-env --allow-ffi --allow-import --allow-net --allow-read --allow-sys --frozen=false --vendor --config=/home/user/work/djk-sample310/lib/python3.10/site-packages/django_deno/deno/deno_sucrase.json --lock=/home/user/work/djk-sample310/lib/python3.10/site-packages/django_deno/deno/deno_sucrase.lock --output=/home/user/work/djk-sample310/lib/python3.10/site-packages/django_deno/deno/django_deno /home/user/work/djk-sample310/lib/python3.10/site-packages/django_deno/deno/server.ts
Initialize rollup@2.79.2
Initialize @rollup/plugin-sucrase@5.0.2
Initialize @wwa/rollup-plugin-terser@1.1.2
Initialize @rollup/plugin-node-resolve@15.3.0
Initialize @rollup/pluginutils@5.1.3
Initialize sucrase@3.35.0
Initialize @babel/code-frame@7.26.2
Initialize terser@5.36.0
Initialize is-module@1.0.0
Initialize deepmerge@4.3.1
Initialize resolve@1.22.8
Initialize @types/resolve@1.20.2
Initialize @types/estree@1.0.6
Initialize picomatch@4.0.2
Initialize estree-walker@2.0.2
Initialize glob@10.4.5
Initialize mz@2.7.0
Initialize commander@4.1.1
Initialize pirates@4.0.6
Initialize ts-interface-checker@0.1.13
Initialize @jridgewell/gen-mapping@0.3.5
Initialize lines-and-columns@1.2.4
Initialize picocolors@1.1.1
Initialize @babel/helper-validator-identifier@7.25.9
Initialize js-tokens@4.0.0
Initialize acorn@8.14.0
Initialize commander@2.20.3
Initialize @jridgewell/source-map@0.3.6
Initialize source-map-support@0.5.21
Initialize is-core-module@2.15.1
Initialize supports-preserve-symlinks-flag@1.0.0
Initialize path-parse@1.0.7
Initialize package-json-from-dist@1.0.1
Initialize path-scurry@1.11.1
Initialize jackspeak@3.4.3
Initialize minipass@7.1.2
Initialize minimatch@9.0.5
Initialize foreground-child@3.3.0
Initialize thenify-all@1.6.0
Initialize any-promise@1.3.0
Initialize object-assign@4.1.1
Initialize @jridgewell/sourcemap-codec@1.5.0
Initialize @jridgewell/trace-mapping@0.3.25
Initialize @jridgewell/set-array@1.2.1
Initialize buffer-from@1.1.2
Initialize source-map@0.6.1
Initialize hasown@2.0.2
Initialize lru-cache@10.4.3
Initialize @pkgjs/parseargs@0.11.0
Initialize @isaacs/cliui@8.0.2
Initialize brace-expansion@2.0.1
Initialize cross-spawn@7.0.6
Initialize signal-exit@4.1.0
Initialize thenify@3.3.1
Initialize @jridgewell/resolve-uri@3.1.2
Initialize function-bind@1.1.2
Initialize string-width@4.2.3
Initialize string-width@5.1.2
Initialize strip-ansi@6.0.1
Initialize wrap-ansi@8.1.0
Initialize wrap-ansi@7.0.0
Initialize strip-ansi@7.1.0
Initialize balanced-match@1.0.2
Initialize shebang-command@2.0.0
Initialize path-key@3.1.1
Initialize which@2.0.2
Initialize emoji-regex@8.0.0
Initialize is-fullwidth-code-point@3.0.0
Initialize emoji-regex@9.2.2
Initialize eastasianwidth@0.2.0
Initialize ansi-regex@5.0.1
Initialize ansi-styles@6.2.1
Initialize ansi-styles@4.3.0
Initialize ansi-regex@6.1.0
Initialize shebang-regex@3.0.0
Initialize isexe@2.0.0
Initialize color-convert@2.0.1
Initialize color-name@1.1.4
Download https://jsr.io/@deno/emit/meta.json
Download https://jsr.io/@deno/emit/0.46.0_meta.json
Download https://jsr.io/@std/cli/1.0.6/_data.json
Download https://jsr.io/@deno/cache-dir/meta.json
Download https://jsr.io/@deno/cache-dir/0.13.2_meta.json
Download https://jsr.io/@std/path/0.223.0_meta.json
Download https://jsr.io/@deno/graph/meta.json
Download https://jsr.io/@deno/graph/0.73.1_meta.json
Download https://jsr.io/@std/fmt/0.223.0_meta.json
Download https://jsr.io/@std/fs/0.223.0_meta.json
Download https://jsr.io/@std/io/0.223.0_meta.json
Download https://jsr.io/@std/assert/0.223.0_meta.json
Download https://jsr.io/@std/bytes/0.223.0_meta.json
Download https://jsr.io/@std/cli/1.0.6/mod.ts
Download https://jsr.io/@std/fs/1.0.4/mod.ts
Download https://jsr.io/@deno/emit/0.46.0/mod.ts
Download https://jsr.io/@std/cli/1.0.6/prompt_secret.ts
Download https://jsr.io/@std/cli/1.0.6/unicode_width.ts
Download https://jsr.io/@std/fs/1.0.4/empty_dir.ts
Download https://jsr.io/@std/fs/1.0.4/ensure_dir.ts
Download https://jsr.io/@std/fs/1.0.4/ensure_file.ts
Download https://jsr.io/@std/fs/1.0.4/ensure_link.ts
Download https://jsr.io/@std/fs/1.0.4/ensure_symlink.ts
Download https://jsr.io/@std/fs/1.0.4/expand_glob.ts
Download https://jsr.io/@std/fs/1.0.4/move.ts
Download https://jsr.io/@std/fs/1.0.4/copy.ts
Download https://jsr.io/@std/fs/1.0.4/walk.ts
Download https://jsr.io/@std/fs/1.0.4/eol.ts
Download https://jsr.io/@deno/emit/0.46.0/emit.generated.js
Download https://jsr.io/@deno/emit/0.46.0/_utils.ts
Download https://jsr.io/@std/cli/1.0.6/_run_length.ts
Download https://jsr.io/@std/fs/1.0.4/_to_path_string.ts
Download https://jsr.io/@std/fs/1.0.4/_get_file_info_type.ts
Download https://jsr.io/@std/fs/1.0.4/_create_walk_entry.ts
Download https://jsr.io/@std/fs/1.0.4/_is_subdir.ts
Download https://jsr.io/@std/fs/1.0.4/_is_same_path.ts
Download https://jsr.io/@deno/emit/0.46.0/emit.generated.d.ts
Download https://jsr.io/@deno/cache-dir/0.13.2/mod.ts
Download https://jsr.io/@std/path/0.223.0/mod.ts
Download https://jsr.io/@deno/cache-dir/0.13.2/cache.ts
Download https://jsr.io/@deno/cache-dir/0.13.2/deno_dir.ts
Download https://jsr.io/@deno/cache-dir/0.13.2/file_fetcher.ts
Download https://jsr.io/@deno/cache-dir/0.13.2/http_cache.ts
Download https://jsr.io/@deno/cache-dir/0.13.2/disk_cache.ts
Download https://jsr.io/@std/io/0.224.9/types.ts
Download https://jsr.io/@std/path/0.223.0/windows/mod.ts
Download https://jsr.io/@std/path/0.223.0/posix/mod.ts
Download https://jsr.io/@std/path/0.223.0/basename.ts
Download https://jsr.io/@std/path/0.223.0/constants.ts
Download https://jsr.io/@std/path/0.223.0/dirname.ts
Download https://jsr.io/@std/path/0.223.0/extname.ts
Download https://jsr.io/@std/path/0.223.0/format.ts
Download https://jsr.io/@std/path/0.223.0/from_file_url.ts
Download https://jsr.io/@std/path/0.223.0/is_absolute.ts
Download https://jsr.io/@std/path/0.223.0/join.ts
Download https://jsr.io/@std/path/0.223.0/normalize.ts
Download https://jsr.io/@std/path/0.223.0/parse.ts
Download https://jsr.io/@std/path/0.223.0/relative.ts
Download https://jsr.io/@std/path/0.223.0/resolve.ts
Download https://jsr.io/@std/path/0.223.0/to_file_url.ts
Download https://jsr.io/@std/path/0.223.0/to_namespaced_path.ts
Download https://jsr.io/@std/path/0.223.0/common.ts
Download https://jsr.io/@std/path/0.223.0/_interface.ts
Download https://jsr.io/@std/path/0.223.0/glob_to_regexp.ts
Download https://jsr.io/@std/path/0.223.0/is_glob.ts
Download https://jsr.io/@std/path/0.223.0/join_globs.ts
Download https://jsr.io/@std/path/0.223.0/normalize_glob.ts
Download https://jsr.io/@deno/cache-dir/0.13.2/dirs.ts
Download https://jsr.io/@deno/cache-dir/0.13.2/util.ts
Download https://jsr.io/@deno/cache-dir/0.13.2/auth_tokens.ts
Download https://jsr.io/@deno/cache-dir/0.13.2/lib/deno_cache_dir.generated.js
Download https://jsr.io/@std/path/0.223.0/windows/basename.ts
Download https://jsr.io/@std/path/0.223.0/windows/constants.ts
Download https://jsr.io/@std/path/0.223.0/windows/dirname.ts
Download https://jsr.io/@std/path/0.223.0/windows/extname.ts
Download https://jsr.io/@std/path/0.223.0/windows/format.ts
Download https://jsr.io/@std/path/0.223.0/windows/from_file_url.ts
Download https://jsr.io/@std/path/0.223.0/windows/is_absolute.ts
Download https://jsr.io/@std/path/0.223.0/windows/join.ts
Download https://jsr.io/@std/path/0.223.0/windows/normalize.ts
Download https://jsr.io/@std/path/0.223.0/windows/parse.ts
Download https://jsr.io/@std/path/0.223.0/windows/relative.ts
Download https://jsr.io/@std/path/0.223.0/windows/resolve.ts
Download https://jsr.io/@std/path/0.223.0/windows/to_file_url.ts
Download https://jsr.io/@std/path/0.223.0/windows/to_namespaced_path.ts
Download https://jsr.io/@std/path/0.223.0/windows/common.ts
Download https://jsr.io/@std/path/0.223.0/windows/glob_to_regexp.ts
Download https://jsr.io/@std/path/0.223.0/windows/is_glob.ts
Download https://jsr.io/@std/path/0.223.0/windows/join_globs.ts
Download https://jsr.io/@std/path/0.223.0/windows/normalize_glob.ts
Download https://jsr.io/@std/path/0.223.0/posix/basename.ts
Download https://jsr.io/@std/path/0.223.0/posix/constants.ts
Download https://jsr.io/@std/path/0.223.0/posix/dirname.ts
Download https://jsr.io/@std/path/0.223.0/posix/extname.ts
Download https://jsr.io/@std/path/0.223.0/posix/format.ts
Download https://jsr.io/@std/path/0.223.0/posix/from_file_url.ts
Download https://jsr.io/@std/path/0.223.0/posix/is_absolute.ts
Download https://jsr.io/@std/path/0.223.0/posix/join.ts
Download https://jsr.io/@std/path/0.223.0/posix/normalize.ts
Download https://jsr.io/@std/path/0.223.0/posix/parse.ts
Download https://jsr.io/@std/path/0.223.0/posix/relative.ts
Download https://jsr.io/@std/path/0.223.0/posix/resolve.ts
Download https://jsr.io/@std/path/0.223.0/posix/to_file_url.ts
Download https://jsr.io/@std/path/0.223.0/posix/to_namespaced_path.ts
Download https://jsr.io/@std/path/0.223.0/posix/common.ts
Download https://jsr.io/@std/path/0.223.0/posix/glob_to_regexp.ts
Download https://jsr.io/@std/path/0.223.0/posix/is_glob.ts
Download https://jsr.io/@std/path/0.223.0/posix/join_globs.ts
Download https://jsr.io/@std/path/0.223.0/posix/normalize_glob.ts
Download https://jsr.io/@std/path/0.223.0/_os.ts
Download https://jsr.io/@std/path/0.223.0/_common/common.ts
Download https://jsr.io/@std/path/0.223.0/_common/glob_to_reg_exp.ts
Download https://jsr.io/@deno/cache-dir/0.13.2/lib/snippets/deno_cache_dir-ba33e10a7a030c61/fs.js
Download https://jsr.io/@deno/cache-dir/0.13.2/lib/deno_cache_dir.generated.d.ts
Download https://jsr.io/@std/path/0.223.0/_common/basename.ts
Download https://jsr.io/@std/path/0.223.0/_common/constants.ts
Download https://jsr.io/@std/path/0.223.0/_common/strip_trailing_separators.ts
Download https://jsr.io/@std/path/0.223.0/windows/_util.ts
Download https://jsr.io/@std/path/0.223.0/_common/dirname.ts
Download https://jsr.io/@std/path/0.223.0/_common/assert_path.ts
Download https://jsr.io/@std/path/0.223.0/_common/format.ts
Download https://jsr.io/@std/path/0.223.0/_common/from_file_url.ts
Download https://jsr.io/@std/path/0.223.0/_common/normalize.ts
Download https://jsr.io/@std/path/0.223.0/_common/normalize_string.ts
Download https://jsr.io/@std/path/0.223.0/_common/relative.ts
Download https://jsr.io/@std/path/0.223.0/_common/to_file_url.ts
Download https://jsr.io/@std/path/0.223.0/posix/_util.ts
Download https://jsr.io/@deno/graph/0.73.1/mod.ts
Download https://jsr.io/@deno/graph/0.73.1/types.ts
Download https://jsr.io/@std/fmt/0.223.0/colors.ts
Download https://jsr.io/@std/fs/0.223.0/ensure_dir.ts
Download https://jsr.io/@std/io/0.223.0/mod.ts
Download https://jsr.io/@std/assert/0.223.0/assert.ts
Download https://jsr.io/@deno/graph/0.73.1/deno_graph_wasm.generated.js
Download https://jsr.io/@deno/graph/0.73.1/loader.ts
Download https://jsr.io/@deno/graph/0.73.1/media_type.ts
Download https://jsr.io/@std/fs/0.223.0/_get_file_info_type.ts
Download https://jsr.io/@std/io/0.223.0/buf_reader.ts
Download https://jsr.io/@std/io/0.223.0/buf_writer.ts
Download https://jsr.io/@std/io/0.223.0/buffer.ts
Download https://jsr.io/@std/io/0.223.0/copy.ts
Download https://jsr.io/@std/io/0.223.0/copy_n.ts
Download https://jsr.io/@std/io/0.223.0/iterate_reader.ts
Download https://jsr.io/@std/io/0.223.0/limited_reader.ts
Download https://jsr.io/@std/io/0.223.0/multi_reader.ts
Download https://jsr.io/@std/io/0.223.0/read_all.ts
Download https://jsr.io/@std/io/0.223.0/read_delim.ts
Download https://jsr.io/@std/io/0.223.0/read_int.ts
Download https://jsr.io/@std/io/0.223.0/read_lines.ts
Download https://jsr.io/@std/io/0.223.0/read_long.ts
Download https://jsr.io/@std/io/0.223.0/read_range.ts
Download https://jsr.io/@std/io/0.223.0/read_short.ts
Download https://jsr.io/@std/io/0.223.0/read_string_delim.ts
Download https://jsr.io/@std/io/0.223.0/reader_from_stream_reader.ts
Download https://jsr.io/@std/io/0.223.0/slice_long_to_bytes.ts
Download https://jsr.io/@std/io/0.223.0/string_reader.ts
Download https://jsr.io/@std/io/0.223.0/string_writer.ts
Download https://jsr.io/@std/io/0.223.0/to_readable_stream.ts
Download https://jsr.io/@std/io/0.223.0/to_writable_stream.ts
Download https://jsr.io/@std/io/0.223.0/types.ts
Download https://jsr.io/@std/io/0.223.0/write_all.ts
Download https://jsr.io/@std/assert/0.223.0/assertion_error.ts
Download https://jsr.io/@deno/graph/0.73.1/deno_graph_wasm.generated.d.ts
Download https://jsr.io/@std/io/0.223.0/_constants.ts
Download https://jsr.io/@std/io/0.223.0/_common.ts
Download https://jsr.io/@std/bytes/0.223.0/copy.ts
Download https://jsr.io/@std/bytes/0.223.0/concat.ts
Initialize path-to-regexp@6.2.1
Initialize @types/node@22.5.4
Initialize undici-types@6.19.8
Check file:///home/user/work/djk-sample310/lib/python3.10/site-packages/django_deno/deno/server.ts
Compile file:///home/user/work/djk-sample310/lib/python3.10/site-packages/django_deno/deno/server.ts to /home/user/work/djk-sample310/lib/python3.10/site-packages/django_deno/deno/django_deno
Download https://dl.deno.land/release/v2.1.1/denort-x86_64-unknown-linux-gnu.zip
